{"contracts/MockERC20.sol":{"l":{"38":7},"path":"/mnt/c/git/token-vesting-smart-contract/contracts/MockERC20.sol","s":{"1":7},"b":{},"f":{"1":6,"2":7},"fnMap":{"1":{"name":"constructor","line":22,"loc":{"start":{"line":22,"column":4},"end":{"line":24,"column":4}}},"2":{"name":"mint","line":37,"loc":{"start":{"line":37,"column":4},"end":{"line":39,"column":4}}}},"statementMap":{"1":{"start":{"line":38,"column":8},"end":{"line":38,"column":24}}},"branchMap":{}},"contracts/TokenVesting.sol":{"l":{"109":7,"110":6,"156":24,"159":23,"162":22,"165":21,"171":20,"177":19,"178":19,"181":19,"193":19,"196":18,"217":17,"220":17,"223":16,"224":16,"227":16,"230":15,"233":15,"236":15,"264":10,"267":10,"270":9,"273":8,"276":7,"277":7,"280":7,"281":7,"282":7,"283":7,"287":7,"288":7,"292":7,"295":7,"322":23,"337":8,"346":2,"357":4,"358":4,"359":4,"376":50,"379":50,"380":1,"384":49,"385":5,"389":44,"390":7,"395":37,"396":37},"path":"/mnt/c/git/token-vesting-smart-contract/contracts/TokenVesting.sol","s":{"1":7,"2":24,"3":23,"4":22,"5":21,"6":20,"7":19,"8":19,"9":19,"10":18,"11":17,"12":17,"13":16,"14":16,"15":16,"16":15,"17":15,"18":10,"19":10,"20":9,"21":8,"22":7,"23":7,"24":7,"25":7,"26":7,"27":7,"28":7,"29":7,"30":23,"31":8,"32":2,"33":4,"34":4,"35":4,"36":50,"37":50,"38":1,"39":49,"40":5,"41":44,"42":7,"43":37,"44":37},"b":{"1":[6,1],"2":[24,0],"3":[23,1],"4":[22,1],"5":[21,1],"6":[20,1],"7":[19,1],"8":[17,0],"9":[16,1],"10":[15,1],"11":[10,1],"12":[10,0],"13":[9,1],"14":[8,1],"15":[7,1],"16":[7,0],"17":[7,0],"18":[1,49],"19":[5,44],"20":[7,37]},"f":{"1":7,"2":24,"3":17,"4":10,"5":23,"6":8,"7":2,"8":4,"9":50},"fnMap":{"1":{"name":"constructor","line":108,"loc":{"start":{"line":108,"column":4},"end":{"line":111,"column":4}}},"2":{"name":"createVestingSchedule","line":154,"loc":{"start":{"line":148,"column":4},"end":{"line":197,"column":4}}},"3":{"name":"release","line":216,"loc":{"start":{"line":216,"column":4},"end":{"line":237,"column":4}}},"4":{"name":"revoke","line":263,"loc":{"start":{"line":263,"column":4},"end":{"line":296,"column":4}}},"5":{"name":"vestedAmount","line":321,"loc":{"start":{"line":321,"column":4},"end":{"line":323,"column":4}}},"6":{"name":"getVestingSchedule","line":332,"loc":{"start":{"line":332,"column":4},"end":{"line":338,"column":4}}},"7":{"name":"hasVestingSchedule","line":345,"loc":{"start":{"line":345,"column":4},"end":{"line":347,"column":4}}},"8":{"name":"releasableAmount","line":356,"loc":{"start":{"line":356,"column":4},"end":{"line":360,"column":4}}},"9":{"name":"_vestedAmount","line":375,"loc":{"start":{"line":375,"column":4},"end":{"line":397,"column":4}}}},"statementMap":{"1":{"start":{"line":109,"column":8},"end":{"line":109,"column":68}},"2":{"start":{"line":156,"column":8},"end":{"line":156,"column":79}},"3":{"start":{"line":159,"column":8},"end":{"line":159,"column":62}},"4":{"start":{"line":162,"column":8},"end":{"line":162,"column":66}},"5":{"start":{"line":165,"column":8},"end":{"line":165,"column":5932}},"6":{"start":{"line":171,"column":8},"end":{"line":171,"column":6126}},"7":{"start":{"line":177,"column":8},"end":{"line":177,"column":39}},"8":{"start":{"line":178,"column":8},"end":{"line":178,"column":45}},"9":{"start":{"line":193,"column":8},"end":{"line":193,"column":64}},"10":{"start":{"line":196,"column":8},"end":{"line":196,"column":80}},"11":{"start":{"line":217,"column":8},"end":{"line":217,"column":71}},"12":{"start":{"line":220,"column":8},"end":{"line":220,"column":64}},"13":{"start":{"line":223,"column":8},"end":{"line":223,"column":50}},"14":{"start":{"line":224,"column":8},"end":{"line":224,"column":55}},"15":{"start":{"line":227,"column":8},"end":{"line":227,"column":65}},"16":{"start":{"line":233,"column":8},"end":{"line":233,"column":49}},"17":{"start":{"line":236,"column":8},"end":{"line":236,"column":51}},"18":{"start":{"line":264,"column":8},"end":{"line":264,"column":72}},"19":{"start":{"line":267,"column":8},"end":{"line":267,"column":64}},"20":{"start":{"line":270,"column":8},"end":{"line":270,"column":63}},"21":{"start":{"line":273,"column":8},"end":{"line":273,"column":61}},"22":{"start":{"line":276,"column":8},"end":{"line":276,"column":51}},"23":{"start":{"line":277,"column":8},"end":{"line":277,"column":51}},"24":{"start":{"line":280,"column":8},"end":{"line":280,"column":61}},"25":{"start":{"line":281,"column":8},"end":{"line":281,"column":9896}},"26":{"start":{"line":283,"column":12},"end":{"line":283,"column":60}},"27":{"start":{"line":287,"column":8},"end":{"line":287,"column":10099}},"28":{"start":{"line":288,"column":12},"end":{"line":288,"column":48}},"29":{"start":{"line":295,"column":8},"end":{"line":295,"column":50}},"30":{"start":{"line":322,"column":8},"end":{"line":322,"column":41}},"31":{"start":{"line":337,"column":8},"end":{"line":337,"column":44}},"32":{"start":{"line":346,"column":8},"end":{"line":346,"column":55}},"33":{"start":{"line":357,"column":8},"end":{"line":357,"column":71}},"34":{"start":{"line":358,"column":8},"end":{"line":358,"column":51}},"35":{"start":{"line":359,"column":8},"end":{"line":359,"column":41}},"36":{"start":{"line":376,"column":8},"end":{"line":376,"column":71}},"37":{"start":{"line":379,"column":8},"end":{"line":379,"column":13096}},"38":{"start":{"line":380,"column":12},"end":{"line":380,"column":20}},"39":{"start":{"line":384,"column":8},"end":{"line":384,"column":13209}},"40":{"start":{"line":385,"column":12},"end":{"line":385,"column":20}},"41":{"start":{"line":389,"column":8},"end":{"line":389,"column":13348}},"42":{"start":{"line":390,"column":12},"end":{"line":390,"column":34}},"43":{"start":{"line":395,"column":8},"end":{"line":395,"column":62}},"44":{"start":{"line":396,"column":8},"end":{"line":396,"column":66}}},"branchMap":{"1":{"line":109,"type":"if","locations":[{"start":{"line":109,"column":8},"end":{"line":109,"column":8}},{"start":{"line":109,"column":8},"end":{"line":109,"column":8}}]},"2":{"line":154,"type":"if","locations":[{"start":{"line":154,"column":15},"end":{"line":154,"column":15}},{"start":{"line":154,"column":15},"end":{"line":154,"column":15}}]},"3":{"line":156,"type":"if","locations":[{"start":{"line":156,"column":8},"end":{"line":156,"column":8}},{"start":{"line":156,"column":8},"end":{"line":156,"column":8}}]},"4":{"line":159,"type":"if","locations":[{"start":{"line":159,"column":8},"end":{"line":159,"column":8}},{"start":{"line":159,"column":8},"end":{"line":159,"column":8}}]},"5":{"line":162,"type":"if","locations":[{"start":{"line":162,"column":8},"end":{"line":162,"column":8}},{"start":{"line":162,"column":8},"end":{"line":162,"column":8}}]},"6":{"line":165,"type":"if","locations":[{"start":{"line":165,"column":8},"end":{"line":165,"column":8}},{"start":{"line":165,"column":8},"end":{"line":165,"column":8}}]},"7":{"line":171,"type":"if","locations":[{"start":{"line":171,"column":8},"end":{"line":171,"column":8}},{"start":{"line":171,"column":8},"end":{"line":171,"column":8}}]},"8":{"line":216,"type":"if","locations":[{"start":{"line":216,"column":32},"end":{"line":216,"column":32}},{"start":{"line":216,"column":32},"end":{"line":216,"column":32}}]},"9":{"line":220,"type":"if","locations":[{"start":{"line":220,"column":8},"end":{"line":220,"column":8}},{"start":{"line":220,"column":8},"end":{"line":220,"column":8}}]},"10":{"line":227,"type":"if","locations":[{"start":{"line":227,"column":8},"end":{"line":227,"column":8}},{"start":{"line":227,"column":8},"end":{"line":227,"column":8}}]},"11":{"line":263,"type":"if","locations":[{"start":{"line":263,"column":50},"end":{"line":263,"column":50}},{"start":{"line":263,"column":50},"end":{"line":263,"column":50}}]},"12":{"line":263,"type":"if","locations":[{"start":{"line":263,"column":60},"end":{"line":263,"column":60}},{"start":{"line":263,"column":60},"end":{"line":263,"column":60}}]},"13":{"line":267,"type":"if","locations":[{"start":{"line":267,"column":8},"end":{"line":267,"column":8}},{"start":{"line":267,"column":8},"end":{"line":267,"column":8}}]},"14":{"line":270,"type":"if","locations":[{"start":{"line":270,"column":8},"end":{"line":270,"column":8}},{"start":{"line":270,"column":8},"end":{"line":270,"column":8}}]},"15":{"line":273,"type":"if","locations":[{"start":{"line":273,"column":8},"end":{"line":273,"column":8}},{"start":{"line":273,"column":8},"end":{"line":273,"column":8}}]},"16":{"line":281,"type":"if","locations":[{"start":{"line":281,"column":8},"end":{"line":281,"column":8}},{"start":{"line":281,"column":8},"end":{"line":281,"column":8}}]},"17":{"line":287,"type":"if","locations":[{"start":{"line":287,"column":8},"end":{"line":287,"column":8}},{"start":{"line":287,"column":8},"end":{"line":287,"column":8}}]},"18":{"line":379,"type":"if","locations":[{"start":{"line":379,"column":8},"end":{"line":379,"column":8}},{"start":{"line":379,"column":8},"end":{"line":379,"column":8}}]},"19":{"line":384,"type":"if","locations":[{"start":{"line":384,"column":8},"end":{"line":384,"column":8}},{"start":{"line":384,"column":8},"end":{"line":384,"column":8}}]},"20":{"line":389,"type":"if","locations":[{"start":{"line":389,"column":8},"end":{"line":389,"column":8}},{"start":{"line":389,"column":8},"end":{"line":389,"column":8}}]}}}}